Arguments: 
  /home/pantoja/.nvm/versions/node/v9.11.2/bin/node /home/pantoja/.nvm/versions/node/v9.11.2/bin/yarn

PATH: 
  /home/pantoja/.nvm/versions/node/v9.11.2/bin:/usr/local/bin:/usr/bin:/bin:/usr/local/sbin:/usr/lib/jvm/default/bin:/usr/bin/site_perl:/usr/bin/vendor_perl:/usr/bin/core_perl:/var/lib/snapd/snap/bin:/home/pantoja/.yarn/bin:/home/pantoja/.yarn/bin:/home/pantoja/.config/yarn/global/node_modules/.bin:/home/pantoja/.local/bin

Yarn version: 
  1.12.3

Node version: 
  9.11.2

Platform: 
  linux x64

Trace: 
  SyntaxError: /home/pantoja/dev/workspace/acropole/sexate/package.json: Unexpected end of JSON input
      at JSON.parse (<anonymous>)
      at /home/pantoja/.nvm/versions/node/v9.11.2/lib/node_modules/yarn/lib/cli.js:1631:59
      at Generator.next (<anonymous>)
      at step (/home/pantoja/.nvm/versions/node/v9.11.2/lib/node_modules/yarn/lib/cli.js:304:30)
      at /home/pantoja/.nvm/versions/node/v9.11.2/lib/node_modules/yarn/lib/cli.js:315:13
      at <anonymous>

npm manifest: 
  

yarn manifest: 
  No manifest

Lockfile: 
  No lockfile
